<?xml version="1.0" encoding="UTF-8"?>
<testng-results ignored="0" total="1" passed="1" failed="0" skipped="0">
  <reporter-output>
  </reporter-output>
  <suite started-at="2023-06-06T22:43:24 IST" name="Default suite" finished-at="2023-06-06T22:43:32 IST" duration-ms="7809">
    <groups>
    </groups>
    <test started-at="2023-06-06T22:43:24 IST" name="Default test" finished-at="2023-06-06T22:43:32 IST" duration-ms="7809">
      <class name="subham.ZAPSecurityTest">
        <test-method is-config="true" signature="setup()[pri:0, instance:subham.ZAPSecurityTest@692f203f]" started-at="2023-06-06T22:43:24 IST" name="setup" finished-at="2023-06-06T22:43:26 IST" duration-ms="1961" status="PASS">
          <reporter-output>
          </reporter-output>
        </test-method> <!-- setup -->
        <test-method signature="holoworldSecurityTest()[pri:0, instance:subham.ZAPSecurityTest@692f203f]" started-at="2023-06-06T22:43:26 IST" name="holoworldSecurityTest" finished-at="2023-06-06T22:43:32 IST" duration-ms="5420" status="PASS">
          <reporter-output>
          </reporter-output>
        </test-method> <!-- holoworldSecurityTest -->
        <test-method is-config="true" signature="tearDown()[pri:0, instance:subham.ZAPSecurityTest@692f203f]" started-at="2023-06-06T22:43:32 IST" name="tearDown" finished-at="2023-06-06T22:43:32 IST" duration-ms="374" status="PASS">
          <reporter-output>
          </reporter-output>
        </test-method> <!-- tearDown -->
      </class> <!-- subham.ZAPSecurityTest -->
    </test> <!-- Default test -->
  </suite> <!-- Default suite -->
</testng-results>
